C51 COMPILER V9.60.0.0   BUZZER                                                            10/08/2019 20:28:00 PAGE 1   


C51 COMPILER V9.60.0.0, COMPILATION OF MODULE BUZZER
OBJECT MODULE PLACED IN Buzzer.OBJ
COMPILER INVOKED BY: D:\Keil5\C51\BIN\C51.EXE Buzzer.c OPTIMIZE(8,SPEED) DEBUG OBJECTEXTEND PRINT(.\Listings\Buzzer.lst)
                    - TABS(2)

line level    source

   1          #include <reg52.h>
   2          
   3          #define uint unsigned int
   4          #define uchar unsigned char
   5          
   6          void delay_ms(uint);//mS级带参数延时函数声明
   7          
   8          sbit Buzzer=P1^5;
   9          
  10          void main()
  11          {
  12   1        while(1)
  13   1        {
  14   2          Buzzer = 1;
  15   2          delay_ms(500);
  16   2          Buzzer = 0;
  17   2        }
  18   1      }
  19          
  20          void delay_ms(uint z) //延时子程序
  21          
  22          {
  23   1      
  24   1          uint x,y;
  25   1      
  26   1          for(x=z; x>0; x--)
  27   1      
  28   1              for(y=110; y>0; y--);
  29   1      
  30   1      }


MODULE INFORMATION:   STATIC OVERLAYABLE
   CODE SIZE        =     43    ----
   CONSTANT SIZE    =   ----    ----
   XDATA SIZE       =   ----    ----
   PDATA SIZE       =   ----    ----
   DATA SIZE        =   ----    ----
   IDATA SIZE       =   ----    ----
   BIT SIZE         =   ----    ----
END OF MODULE INFORMATION.


C51 COMPILATION COMPLETE.  0 WARNING(S),  0 ERROR(S)
