C51 COMPILER V9.60.0.0   DELAY                                                             01/22/2020 18:25:44 PAGE 1   


C51 COMPILER V9.60.0.0, COMPILATION OF MODULE DELAY
OBJECT MODULE PLACED IN .\Objects\delay.obj
COMPILER INVOKED BY: D:\Keil5\C51\BIN\C51.EXE C:\Users\27132\Desktop\计算器\计算器源码工程\delay.c OPTIMIZE(8,SPEED) BRO
                    -WSE INCDIR(C:\Users\27132\Desktop\计算器\计算器源码工程) DEBUG OBJECTEXTEND PRINT(.\Listings\delay.lst) TABS(2) OBJECT(.
                    -\Objects\delay.obj)

line level    source

   1          /*************************************************
   2          更多51单片机资料请关注微信公众号：电子应用学习馆
   3          **************************************************
   4          *****************《电子应用学习馆》***************
   5          ***************************************************/
   6          
   7          #include "delay.h"
   8          /*------------------------------------------------
   9           uS延时函数，含有输入参数 unsigned char t，无返回值
  10           unsigned char 是定义无符号字符变量，其值的范围是
  11           0~255 这里使用晶振12M，精确延时请使用汇编,大致延时
  12           长度如下 T=tx2+5 uS 
  13          ------------------------------------------------*/
  14          void DelayUs2x(unsigned char t)
  15          {   
  16   1       while(--t);
  17   1      }
  18          /*------------------------------------------------
  19           mS延时函数，含有输入参数 unsigned char t，无返回值
  20           unsigned char 是定义无符号字符变量，其值的范围是
  21           0~255 这里使用晶振12M，精确延时请使用汇编
  22          ------------------------------------------------*/
  23          void DelayMs(unsigned char t)
  24          {
  25   1           
  26   1       while(t--)
  27   1       {
  28   2           //大致延时1mS
  29   2           DelayUs2x(245);
  30   2         DelayUs2x(245);
  31   2       }
  32   1      }


MODULE INFORMATION:   STATIC OVERLAYABLE
   CODE SIZE        =     24    ----
   CONSTANT SIZE    =   ----    ----
   XDATA SIZE       =   ----    ----
   PDATA SIZE       =   ----    ----
   DATA SIZE        =   ----    ----
   IDATA SIZE       =   ----    ----
   BIT SIZE         =   ----    ----
END OF MODULE INFORMATION.


C51 COMPILATION COMPLETE.  0 WARNING(S),  0 ERROR(S)
