C51 COMPILER V9.60.0.0   BLINK                                                             01/21/2020 02:26:37 PAGE 1   


C51 COMPILER V9.60.0.0, COMPILATION OF MODULE BLINK
OBJECT MODULE PLACED IN .\Objects\BLink.obj
COMPILER INVOKED BY: D:\Keil5\C51\BIN\C51.EXE BLink.c OPTIMIZE(8,SPEED) BROWSE DEBUG OBJECTEXTEND PRINT(.\Listings\BLink
                    -.lst) TABS(2) OBJECT(.\Objects\BLink.obj)

line level    source

   1          #include<reg52.h> //头文件
   2          
   3          #define uint unsigned int
   4          #define uchar unsigned char
   5          
   6          void delay_ms(uint);//mS级带参数延时函数声明
   7          
   8          sbit LED1=P1^0;
   9          
  10          sbit LED2=P1^1;
  11          
  12          sbit LED3=P1^2;
  13          
  14          sbit LED4=P1^3;
  15          
  16          sbit LED5=P1^4;
  17          
  18          sbit LED6=P1^5;
  19          
  20          sbit LED7=P1^6;
  21          
  22          sbit LED8=P1^7;
  23          
  24          
  25          void main()
  26          
  27          {
  28   1      
  29   1          while(1)
  30   1      
  31   1          {
  32   2      
  33   2              LED1=0;
  34   2      
  35   2              delay_ms(500);
  36   2      
  37   2      
  38   2              LED2=0;
  39   2      
  40   2              delay_ms(500);
  41   2      
  42   2      
  43   2              LED3=0;
  44   2      
  45   2              delay_ms(500);
  46   2      
  47   2      
  48   2              LED4=0;
  49   2      
  50   2              delay_ms(500);
  51   2      
  52   2       
  53   2      
  54   2              LED5=0;
C51 COMPILER V9.60.0.0   BLINK                                                             01/21/2020 02:26:37 PAGE 2   

  55   2      
  56   2              delay_ms(500);
  57   2      
  58   2      
  59   2              LED6=0;
  60   2      
  61   2              delay_ms(500);
  62   2      
  63   2      
  64   2              LED7=0;
  65   2      
  66   2              delay_ms(500);
  67   2      
  68   2      
  69   2              LED8=0;
  70   2      
  71   2              delay_ms(500);
  72   2      
  73   2              LED1=1;
  74   2              
  75   2              delay_ms(500);
  76   2      
  77   2          }
  78   1      
  79   1      }
  80          
  81          void delay_ms(uint z) //延时子程序
  82          
  83          {
  84   1      
  85   1          uint x,y;
  86   1      
  87   1          for(x=z; x>0; x--)
  88   1      
  89   1              for(y=110; y>0; y--);
  90   1      
  91   1      }


MODULE INFORMATION:   STATIC OVERLAYABLE
   CODE SIZE        =     81    ----
   CONSTANT SIZE    =   ----    ----
   XDATA SIZE       =   ----    ----
   PDATA SIZE       =   ----    ----
   DATA SIZE        =   ----    ----
   IDATA SIZE       =   ----    ----
   BIT SIZE         =   ----    ----
END OF MODULE INFORMATION.


C51 COMPILATION COMPLETE.  0 WARNING(S),  0 ERROR(S)
